<?xml version="1.0" encoding="UTF-8"?>
<testng-results skipped="0" failed="0" ignored="0" total="1" passed="1">
  <reporter-output>
  </reporter-output>
  <suite name="softwaretestingmaterial" duration-ms="18946" started-at="2019-08-30T23:50:39 IST" finished-at="2019-08-30T23:50:58 IST">
    <groups>
    </groups>
    <test name="testngTest" duration-ms="18946" started-at="2019-08-30T23:50:39 IST" finished-at="2019-08-30T23:50:58 IST">
      <class name="com.automation.test.baseclass">
        <test-method status="PASS" signature="setup()[pri:0, instance:com.automation.test.baseclass@3e9b1010]" name="setup" is-config="true" duration-ms="3319" started-at="2019-08-30T23:50:36 IST" finished-at="2019-08-30T23:50:39 IST">
          <reporter-output>
          </reporter-output>
        </test-method> <!-- setup -->
        <test-method status="PASS" signature="launchbrowser()[pri:0, instance:com.automation.test.baseclass@3e9b1010]" name="launchbrowser" is-config="true" duration-ms="6551" started-at="2019-08-30T23:50:39 IST" finished-at="2019-08-30T23:50:46 IST">
          <reporter-output>
          </reporter-output>
        </test-method> <!-- launchbrowser -->
        <test-method status="PASS" signature="testCase()[pri:0, instance:com.automation.test.baseclass@3e9b1010]" name="testCase" duration-ms="12278" started-at="2019-08-30T23:50:46 IST" finished-at="2019-08-30T23:50:58 IST">
          <reporter-output>
          </reporter-output>
        </test-method> <!-- testCase -->
        <test-method status="PASS" signature="Closebrowser()[pri:0, instance:com.automation.test.baseclass@3e9b1010]" name="Closebrowser" is-config="true" duration-ms="82" started-at="2019-08-30T23:50:58 IST" finished-at="2019-08-30T23:50:58 IST">
          <reporter-output>
          </reporter-output>
        </test-method> <!-- Closebrowser -->
      </class> <!-- com.automation.test.baseclass -->
    </test> <!-- testngTest -->
  </suite> <!-- softwaretestingmaterial -->
</testng-results>
